16/05/11 04:40:43 INFO HighwayInfoKafkaProducer: sent kafka messages
16/05/11 04:41:09 INFO HighwayInfoKafkaProducer: sent kafka messages
16/05/11 04:42:07 INFO HighwayInfoKafkaProducer: sent kafka messages
16/05/11 04:43:09 INFO HighwayInfoKafkaProducer: sent kafka messages
16/05/11 04:44:08 INFO HighwayInfoKafkaProducer: sent kafka messages
16/05/11 04:45:16 INFO HighwayInfoKafkaProducer: sent kafka messages
16/05/11 04:46:08 INFO HighwayInfoKafkaProducer: sent kafka messages
16/05/11 04:47:07 INFO HighwayInfoKafkaProducer: sent kafka messages
16/05/11 04:48:08 INFO HighwayInfoKafkaProducer: sent kafka messages
16/05/11 04:49:06 INFO HighwayInfoKafkaProducer: sent kafka messages
16/05/11 04:49:57 INFO HighwayInfoKafkaProducer: sent kafka messages
16/05/11 04:50:06 INFO HighwayInfoKafkaProducer: sent kafka messages
16/05/11 04:51:07 INFO HighwayInfoKafkaProducer: sent kafka messages
16/05/11 04:52:08 INFO HighwayInfoKafkaProducer: sent kafka messages
16/05/11 04:53:08 INFO HighwayInfoKafkaProducer: sent kafka messages
16/05/11 04:54:08 INFO HighwayInfoKafkaProducer: sent kafka messages
16/05/11 04:55:09 INFO HighwayInfoKafkaProducer: sent kafka messages
16/05/11 04:56:07 INFO HighwayInfoKafkaProducer: sent kafka messages
16/05/11 04:57:11 INFO HighwayInfoKafkaProducer: sent kafka messages
16/05/11 04:58:14 INFO HighwayInfoKafkaProducer: sent kafka messages
16/05/11 04:59:08 INFO HighwayInfoKafkaProducer: sent kafka messages
16/05/11 05:00:33 INFO HighwayInfoKafkaProducer: sent kafka messages
16/05/11 05:01:06 INFO HighwayInfoKafkaProducer: sent kafka messages
16/05/11 18:03:08 INFO VerifiableProperties: Verifying properties
16/05/11 18:03:08 INFO VerifiableProperties: Property key.serializer.class is overridden to e63.course.kafka_encoders.DateEncoder
16/05/11 18:03:08 INFO VerifiableProperties: Property metadata.broker.list is overridden to localhost:9092
16/05/11 18:03:08 INFO VerifiableProperties: Property request.required.acks is overridden to 1
16/05/11 18:03:08 INFO VerifiableProperties: Property serializer.class is overridden to e63.course.kafka_encoders.HighwayInfoKafkaEncoder
16/05/11 18:06:40 INFO HighwayInfoKafkaProducer: sent kafka messages
16/05/11 18:19:45 INFO HighwayInfoKafkaProducer: sent kafka messages
16/05/13 16:13:09 INFO HighwayInfoKafkaProducer: sent kafka messages
16/05/13 16:15:13 INFO HighwayInfoKafkaProducer: sent kafka messages
16/05/13 16:20:19 INFO HighwayInfoKafkaProducer: sent kafka messages
16/05/13 16:25:12 INFO HighwayInfoKafkaProducer: sent kafka messages
16/05/13 16:30:17 INFO HighwayInfoKafkaProducer: sent kafka messages
